<?xml version="1.0" encoding="UTF-8"?>
<!-- Generated by org.testng.reporters.JUnitXMLReporter -->
<testsuite ignored="0" hostname="DESKTOP-7ELUSME" failures="0" tests="5" name="Default test" time="38.879" errors="0" timestamp="2025-05-25T18:21:50 IST">
  <testcase classname="tests.LoginTest" name="loginLogoutTest" time="2.255"/>
  <testcase classname="tests.LoginTest" name="loginLogoutTest" time="2.154"/>
  <testcase classname="tests.LoginTest" name="loginLogoutTest" time="2.352"/>
  <testcase classname="tests.LoginTest" name="loginLogoutTest" time="2.031"/>
  <testcase classname="tests.LoginTest" name="loginLogoutTest" time="1.764"/>
</testsuite> <!-- Default test -->
