<?xml version="1.0" encoding="UTF-8"?>
<!-- Generated by org.testng.reporters.JUnitXMLReporter -->
<testsuite ignored="0" hostname="DESKTOP-7ELUSME" failures="0" tests="9" name="Test" time="104.976" errors="0" timestamp="2025-05-25T18:27:50 IST">
  <testcase classname="tests.AdminTest" name="verifyLeftMenuCount" time="4.934"/>
  <testcase classname="tests.AdminTest" name="searchByUserName" time="4.445"/>
  <testcase classname="tests.AdminTest" name="searchByUserRole" time="4.518"/>
  <testcase classname="tests.AdminTest" name="searchByUserStatus" time="5.346"/>
  <testcase classname="tests.LoginTest" name="loginLogoutTest" time="2.483"/>
  <testcase classname="tests.LoginTest" name="loginLogoutTest" time="2.758"/>
  <testcase classname="tests.LoginTest" name="loginLogoutTest" time="12.937"/>
  <testcase classname="tests.LoginTest" name="loginLogoutTest" time="1.77"/>
  <testcase classname="tests.LoginTest" name="loginLogoutTest" time="2.092"/>
</testsuite> <!-- Test -->
