<?xml version="1.0" encoding="UTF-8"?>
<testng-results ignored="0" total="9" passed="9" failed="0" skipped="0">
  <reporter-output>
  </reporter-output>
  <suite started-at="2025-05-25T18:26:05 IST" name="Suite" finished-at="2025-05-25T18:27:50 IST" duration-ms="104976">
    <groups>
    </groups>
    <test started-at="2025-05-25T18:26:05 IST" name="Test" finished-at="2025-05-25T18:27:50 IST" duration-ms="104976">
      <class name="tests.LoginTest">
        <test-method is-config="true" signature="setupReport()[pri:0, instance:tests.LoginTest@26d9b808]" started-at="2025-05-25T18:26:05 IST" name="setupReport" finished-at="2025-05-25T18:26:05 IST" duration-ms="0" status="PASS">
          <reporter-output>
          </reporter-output>
        </test-method> <!-- setupReport -->
        <test-method is-config="true" signature="setup()[pri:0, instance:tests.LoginTest@26d9b808]" started-at="2025-05-25T18:26:59 IST" name="setup" finished-at="2025-05-25T18:27:04 IST" duration-ms="4794" status="PASS">
          <reporter-output>
          </reporter-output>
        </test-method> <!-- setup -->
        <test-method signature="loginLogoutTest(java.lang.String,java.lang.String)[pri:0, instance:tests.LoginTest@26d9b808]" started-at="2025-05-25T18:27:04 IST" name="loginLogoutTest" data-provider="loginData" finished-at="2025-05-25T18:27:07 IST" duration-ms="2483" status="PASS">
          <params>
            <param index="0">
              <value>
                <![CDATA[Admin]]>
              </value>
            </param>
            <param index="1">
              <value>
                <![CDATA[admin123]]>
              </value>
            </param>
          </params>
          <reporter-output>
          </reporter-output>
        </test-method> <!-- loginLogoutTest -->
        <test-method is-config="true" signature="tearDown()[pri:0, instance:tests.LoginTest@26d9b808]" started-at="2025-05-25T18:27:07 IST" name="tearDown" finished-at="2025-05-25T18:27:07 IST" duration-ms="246" status="PASS">
          <reporter-output>
          </reporter-output>
        </test-method> <!-- tearDown -->
        <test-method is-config="true" signature="setup()[pri:0, instance:tests.LoginTest@26d9b808]" started-at="2025-05-25T18:27:07 IST" name="setup" finished-at="2025-05-25T18:27:13 IST" duration-ms="6314" status="PASS">
          <reporter-output>
          </reporter-output>
        </test-method> <!-- setup -->
        <test-method signature="loginLogoutTest(java.lang.String,java.lang.String)[pri:0, instance:tests.LoginTest@26d9b808]" started-at="2025-05-25T18:27:13 IST" name="loginLogoutTest" data-provider="loginData" finished-at="2025-05-25T18:27:16 IST" duration-ms="2758" status="PASS">
          <params>
            <param index="0">
              <value>
                <![CDATA[admin]]>
              </value>
            </param>
            <param index="1">
              <value>
                <![CDATA[admin123]]>
              </value>
            </param>
          </params>
          <reporter-output>
          </reporter-output>
        </test-method> <!-- loginLogoutTest -->
        <test-method is-config="true" signature="tearDown()[pri:0, instance:tests.LoginTest@26d9b808]" started-at="2025-05-25T18:27:16 IST" name="tearDown" finished-at="2025-05-25T18:27:16 IST" duration-ms="147" status="PASS">
          <reporter-output>
          </reporter-output>
        </test-method> <!-- tearDown -->
        <test-method is-config="true" signature="setup()[pri:0, instance:tests.LoginTest@26d9b808]" started-at="2025-05-25T18:27:16 IST" name="setup" finished-at="2025-05-25T18:27:23 IST" duration-ms="6851" status="PASS">
          <reporter-output>
          </reporter-output>
        </test-method> <!-- setup -->
        <test-method signature="loginLogoutTest(java.lang.String,java.lang.String)[pri:0, instance:tests.LoginTest@26d9b808]" started-at="2025-05-25T18:27:23 IST" name="loginLogoutTest" data-provider="loginData" finished-at="2025-05-25T18:27:36 IST" duration-ms="12937" status="PASS">
          <params>
            <param index="0">
              <value>
                <![CDATA[Admin]]>
              </value>
            </param>
            <param index="1">
              <value>
                <![CDATA[Admin123]]>
              </value>
            </param>
          </params>
          <reporter-output>
          </reporter-output>
        </test-method> <!-- loginLogoutTest -->
        <test-method is-config="true" signature="tearDown()[pri:0, instance:tests.LoginTest@26d9b808]" started-at="2025-05-25T18:27:36 IST" name="tearDown" finished-at="2025-05-25T18:27:36 IST" duration-ms="182" status="PASS">
          <reporter-output>
          </reporter-output>
        </test-method> <!-- tearDown -->
        <test-method is-config="true" signature="setup()[pri:0, instance:tests.LoginTest@26d9b808]" started-at="2025-05-25T18:27:36 IST" name="setup" finished-at="2025-05-25T18:27:41 IST" duration-ms="4343" status="PASS">
          <reporter-output>
          </reporter-output>
        </test-method> <!-- setup -->
        <test-method signature="loginLogoutTest(java.lang.String,java.lang.String)[pri:0, instance:tests.LoginTest@26d9b808]" started-at="2025-05-25T18:27:41 IST" name="loginLogoutTest" data-provider="loginData" finished-at="2025-05-25T18:27:42 IST" duration-ms="1770" status="PASS">
          <params>
            <param index="0">
              <value>
                <![CDATA[user1]]>
              </value>
            </param>
            <param index="1">
              <value>
                <![CDATA[pass123]]>
              </value>
            </param>
          </params>
          <reporter-output>
          </reporter-output>
        </test-method> <!-- loginLogoutTest -->
        <test-method is-config="true" signature="tearDown()[pri:0, instance:tests.LoginTest@26d9b808]" started-at="2025-05-25T18:27:42 IST" name="tearDown" finished-at="2025-05-25T18:27:42 IST" duration-ms="145" status="PASS">
          <reporter-output>
          </reporter-output>
        </test-method> <!-- tearDown -->
        <test-method is-config="true" signature="setup()[pri:0, instance:tests.LoginTest@26d9b808]" started-at="2025-05-25T18:27:42 IST" name="setup" finished-at="2025-05-25T18:27:48 IST" duration-ms="5354" status="PASS">
          <reporter-output>
          </reporter-output>
        </test-method> <!-- setup -->
        <test-method signature="loginLogoutTest(java.lang.String,java.lang.String)[pri:0, instance:tests.LoginTest@26d9b808]" started-at="2025-05-25T18:27:48 IST" name="loginLogoutTest" data-provider="loginData" finished-at="2025-05-25T18:27:50 IST" duration-ms="2092" status="PASS">
          <params>
            <param index="0">
              <value>
                <![CDATA[test]]>
              </value>
            </param>
            <param index="1">
              <value>
                <![CDATA[test123]]>
              </value>
            </param>
          </params>
          <reporter-output>
          </reporter-output>
        </test-method> <!-- loginLogoutTest -->
        <test-method is-config="true" signature="tearDown()[pri:0, instance:tests.LoginTest@26d9b808]" started-at="2025-05-25T18:27:50 IST" name="tearDown" finished-at="2025-05-25T18:27:50 IST" duration-ms="244" status="PASS">
          <reporter-output>
          </reporter-output>
        </test-method> <!-- tearDown -->
        <test-method is-config="true" signature="flushReport()[pri:0, instance:tests.LoginTest@26d9b808]" started-at="2025-05-25T18:27:51 IST" name="flushReport" finished-at="2025-05-25T18:27:51 IST" duration-ms="38" status="PASS">
          <reporter-output>
          </reporter-output>
        </test-method> <!-- flushReport -->
      </class> <!-- tests.LoginTest -->
      <class name="tests.AdminTest">
        <test-method is-config="true" signature="setupReport()[pri:0, instance:tests.AdminTest@750e2b97]" started-at="2025-05-25T18:26:05 IST" name="setupReport" finished-at="2025-05-25T18:26:05 IST" duration-ms="330" status="PASS">
          <reporter-output>
          </reporter-output>
        </test-method> <!-- setupReport -->
        <test-method is-config="true" signature="setup()[pri:0, instance:tests.AdminTest@750e2b97]" started-at="2025-05-25T18:26:05 IST" name="setup" finished-at="2025-05-25T18:26:19 IST" duration-ms="13961" status="PASS">
          <reporter-output>
          </reporter-output>
        </test-method> <!-- setup -->
        <test-method signature="verifyLeftMenuCount()[pri:1, instance:tests.AdminTest@750e2b97]" started-at="2025-05-25T18:26:19 IST" name="verifyLeftMenuCount" finished-at="2025-05-25T18:26:24 IST" duration-ms="4934" status="PASS">
          <reporter-output>
          </reporter-output>
        </test-method> <!-- verifyLeftMenuCount -->
        <test-method is-config="true" signature="tearDown()[pri:0, instance:tests.AdminTest@750e2b97]" started-at="2025-05-25T18:26:24 IST" name="tearDown" finished-at="2025-05-25T18:26:24 IST" duration-ms="283" status="PASS">
          <reporter-output>
          </reporter-output>
        </test-method> <!-- tearDown -->
        <test-method is-config="true" signature="setup()[pri:0, instance:tests.AdminTest@750e2b97]" started-at="2025-05-25T18:26:24 IST" name="setup" finished-at="2025-05-25T18:26:31 IST" duration-ms="7074" status="PASS">
          <reporter-output>
          </reporter-output>
        </test-method> <!-- setup -->
        <test-method signature="searchByUserName()[pri:2, instance:tests.AdminTest@750e2b97]" started-at="2025-05-25T18:26:31 IST" name="searchByUserName" finished-at="2025-05-25T18:26:36 IST" duration-ms="4445" status="PASS">
          <reporter-output>
          </reporter-output>
        </test-method> <!-- searchByUserName -->
        <test-method is-config="true" signature="tearDown()[pri:0, instance:tests.AdminTest@750e2b97]" started-at="2025-05-25T18:26:36 IST" name="tearDown" finished-at="2025-05-25T18:26:36 IST" duration-ms="174" status="PASS">
          <reporter-output>
          </reporter-output>
        </test-method> <!-- tearDown -->
        <test-method is-config="true" signature="setup()[pri:0, instance:tests.AdminTest@750e2b97]" started-at="2025-05-25T18:26:36 IST" name="setup" finished-at="2025-05-25T18:26:41 IST" duration-ms="4983" status="PASS">
          <reporter-output>
          </reporter-output>
        </test-method> <!-- setup -->
        <test-method signature="searchByUserRole()[pri:3, instance:tests.AdminTest@750e2b97]" started-at="2025-05-25T18:26:41 IST" name="searchByUserRole" finished-at="2025-05-25T18:26:46 IST" duration-ms="4518" status="PASS">
          <reporter-output>
          </reporter-output>
        </test-method> <!-- searchByUserRole -->
        <test-method is-config="true" signature="tearDown()[pri:0, instance:tests.AdminTest@750e2b97]" started-at="2025-05-25T18:26:46 IST" name="tearDown" finished-at="2025-05-25T18:26:46 IST" duration-ms="151" status="PASS">
          <reporter-output>
          </reporter-output>
        </test-method> <!-- tearDown -->
        <test-method is-config="true" signature="setup()[pri:0, instance:tests.AdminTest@750e2b97]" started-at="2025-05-25T18:26:46 IST" name="setup" finished-at="2025-05-25T18:26:52 IST" duration-ms="6069" status="PASS">
          <reporter-output>
          </reporter-output>
        </test-method> <!-- setup -->
        <test-method signature="searchByUserStatus()[pri:4, instance:tests.AdminTest@750e2b97]" started-at="2025-05-25T18:26:52 IST" name="searchByUserStatus" finished-at="2025-05-25T18:26:57 IST" duration-ms="5346" status="PASS">
          <reporter-output>
          </reporter-output>
        </test-method> <!-- searchByUserStatus -->
        <test-method is-config="true" signature="tearDown()[pri:0, instance:tests.AdminTest@750e2b97]" started-at="2025-05-25T18:26:57 IST" name="tearDown" finished-at="2025-05-25T18:26:57 IST" duration-ms="235" status="PASS">
          <reporter-output>
          </reporter-output>
        </test-method> <!-- tearDown -->
        <test-method is-config="true" signature="flushReport()[pri:0, instance:tests.AdminTest@750e2b97]" started-at="2025-05-25T18:27:50 IST" name="flushReport" finished-at="2025-05-25T18:27:51 IST" duration-ms="609" status="PASS">
          <reporter-output>
          </reporter-output>
        </test-method> <!-- flushReport -->
      </class> <!-- tests.AdminTest -->
    </test> <!-- Test -->
  </suite> <!-- Suite -->
</testng-results>
